<?xml version="1.0" encoding="UTF-8"?>
<testng-results ignored="0" total="1" passed="1" failed="0" skipped="0">
  <reporter-output>
    <line>
      <![CDATA[Successfully Launched Chrome Browser]]>
    </line>
    <line>
      <![CDATA[Browser window is maximized successfully]]>
    </line>
  </reporter-output>
  <suite started-at="2023-03-24T14:59:17 IST" name="Default suite" finished-at="2023-03-24T14:59:34 IST" duration-ms="16854">
    <groups>
    </groups>
    <test started-at="2023-03-24T14:59:17 IST" name="Default test" finished-at="2023-03-24T14:59:34 IST" duration-ms="16854">
      <class name="Demo.Sample">
        <test-method is-config="true" signature="browserSetUp(java.lang.String)[pri:0, instance:Demo.Sample@769f71a9]" started-at="2023-03-24T14:59:17 IST" name="browserSetUp" finished-at="2023-03-24T14:59:24 IST" duration-ms="6872" status="PASS">
          <params>
            <param index="0">
              <value>
                <![CDATA[noValue]]>
              </value>
            </param>
          </params>
          <reporter-output>
            <line>
              <![CDATA[Successfully Launched Chrome Browser]]>
            </line>
            <line>
              <![CDATA[Browser window is maximized successfully]]>
            </line>
          </reporter-output>
        </test-method> <!-- browserSetUp -->
        <test-method is-config="true" signature="loginToApplication()[pri:0, instance:Demo.Sample@769f71a9]" started-at="2023-03-24T14:59:24 IST" name="loginToApplication" finished-at="2023-03-24T14:59:30 IST" duration-ms="5199" status="PASS">
          <reporter-output>
          </reporter-output>
        </test-method> <!-- loginToApplication -->
        <test-method signature="run()[pri:0, instance:Demo.Sample@769f71a9]" started-at="2023-03-24T14:59:30 IST" name="run" finished-at="2023-03-24T14:59:30 IST" duration-ms="15" status="PASS">
          <reporter-output>
          </reporter-output>
        </test-method> <!-- run -->
        <test-method is-config="true" signature="logoutOfApplication()[pri:0, instance:Demo.Sample@769f71a9]" started-at="2023-03-24T14:59:30 IST" name="logoutOfApplication" finished-at="2023-03-24T14:59:34 IST" duration-ms="4314" status="PASS">
          <reporter-output>
          </reporter-output>
        </test-method> <!-- logoutOfApplication -->
        <test-method is-config="true" signature="browserTearDown()[pri:0, instance:Demo.Sample@769f71a9]" started-at="2023-03-24T14:59:34 IST" name="browserTearDown" finished-at="2023-03-24T14:59:34 IST" duration-ms="387" status="PASS">
          <reporter-output>
          </reporter-output>
        </test-method> <!-- browserTearDown -->
      </class> <!-- Demo.Sample -->
    </test> <!-- Default test -->
  </suite> <!-- Default suite -->
</testng-results>
